<?xml version="1.0" encoding="UTF-8"?>
<testng-results skipped="0" failed="1" ignored="0" total="11" passed="10">
  <reporter-output>
  </reporter-output>
  <suite name="Free CRM Application test suite" duration-ms="336538" started-at="2018-07-17T14:26:42Z" finished-at="2018-07-17T14:32:19Z">
    <groups>
    </groups>
    <test name="Free CRM Application testcases" duration-ms="336538" started-at="2018-07-17T14:26:42Z" finished-at="2018-07-17T14:32:19Z">
      <class name="com.crm.qa.testcases.HomePageTest">
        <test-method status="PASS" signature="setup()[pri:0, instance:com.crm.qa.testcases.HomePageTest@1341870]" name="setup" is-config="true" duration-ms="25158" started-at="2018-07-17T14:26:59Z" finished-at="2018-07-17T14:27:24Z">
          <reporter-output>
          </reporter-output>
        </test-method> <!-- setup -->
        <test-method status="PASS" signature="verifyHomePageTitletest()[pri:1, instance:com.crm.qa.testcases.HomePageTest@1341870]" name="verifyHomePageTitletest" duration-ms="11" started-at="2018-07-17T14:27:24Z" finished-at="2018-07-17T14:27:24Z">
          <reporter-output>
          </reporter-output>
        </test-method> <!-- verifyHomePageTitletest -->
        <test-method status="PASS" signature="tearDown()[pri:0, instance:com.crm.qa.testcases.HomePageTest@1341870]" name="tearDown" is-config="true" duration-ms="939" started-at="2018-07-17T14:27:24Z" finished-at="2018-07-17T14:27:25Z">
          <reporter-output>
          </reporter-output>
        </test-method> <!-- tearDown -->
        <test-method status="PASS" signature="setup()[pri:0, instance:com.crm.qa.testcases.HomePageTest@1341870]" name="setup" is-config="true" duration-ms="25946" started-at="2018-07-17T14:28:06Z" finished-at="2018-07-17T14:28:32Z">
          <reporter-output>
          </reporter-output>
        </test-method> <!-- setup -->
        <test-method status="PASS" signature="verifyUsernameTest()[pri:2, instance:com.crm.qa.testcases.HomePageTest@1341870]" name="verifyUsernameTest" duration-ms="124" started-at="2018-07-17T14:28:32Z" finished-at="2018-07-17T14:28:33Z">
          <reporter-output>
          </reporter-output>
        </test-method> <!-- verifyUsernameTest -->
        <test-method status="PASS" signature="tearDown()[pri:0, instance:com.crm.qa.testcases.HomePageTest@1341870]" name="tearDown" is-config="true" duration-ms="860" started-at="2018-07-17T14:28:33Z" finished-at="2018-07-17T14:28:33Z">
          <reporter-output>
          </reporter-output>
        </test-method> <!-- tearDown -->
        <test-method status="PASS" signature="setup()[pri:0, instance:com.crm.qa.testcases.HomePageTest@1341870]" name="setup" is-config="true" duration-ms="25378" started-at="2018-07-17T14:30:12Z" finished-at="2018-07-17T14:30:38Z">
          <reporter-output>
          </reporter-output>
        </test-method> <!-- setup -->
        <test-method status="PASS" signature="verifycontactslinkTest()[pri:3, instance:com.crm.qa.testcases.HomePageTest@1341870]" name="verifycontactslinkTest" duration-ms="1636" started-at="2018-07-17T14:30:38Z" finished-at="2018-07-17T14:30:39Z">
          <reporter-output>
          </reporter-output>
        </test-method> <!-- verifycontactslinkTest -->
        <test-method status="PASS" signature="tearDown()[pri:0, instance:com.crm.qa.testcases.HomePageTest@1341870]" name="tearDown" is-config="true" duration-ms="913" started-at="2018-07-17T14:30:39Z" finished-at="2018-07-17T14:30:40Z">
          <reporter-output>
          </reporter-output>
        </test-method> <!-- tearDown -->
      </class> <!-- com.crm.qa.testcases.HomePageTest -->
      <class name="com.crm.qa.testcases.ContactsPageTest">
        <test-method status="PASS" signature="setup()[pri:0, instance:com.crm.qa.testcases.ContactsPageTest@153f17c]" name="setup" is-config="true" duration-ms="27296" started-at="2018-07-17T14:27:25Z" finished-at="2018-07-17T14:27:53Z">
          <reporter-output>
          </reporter-output>
        </test-method> <!-- setup -->
        <test-method status="PASS" signature="verifyContactsPageLabel()[pri:1, instance:com.crm.qa.testcases.ContactsPageTest@153f17c]" name="verifyContactsPageLabel" duration-ms="56" started-at="2018-07-17T14:27:53Z" finished-at="2018-07-17T14:27:53Z">
          <reporter-output>
          </reporter-output>
        </test-method> <!-- verifyContactsPageLabel -->
        <test-method status="PASS" signature="tearDown()[pri:0, instance:com.crm.qa.testcases.ContactsPageTest@153f17c]" name="tearDown" is-config="true" duration-ms="957" started-at="2018-07-17T14:27:53Z" finished-at="2018-07-17T14:27:54Z">
          <reporter-output>
          </reporter-output>
        </test-method> <!-- tearDown -->
        <test-method status="PASS" signature="setup()[pri:0, instance:com.crm.qa.testcases.ContactsPageTest@153f17c]" name="setup" is-config="true" duration-ms="26910" started-at="2018-07-17T14:28:33Z" finished-at="2018-07-17T14:29:00Z">
          <reporter-output>
          </reporter-output>
        </test-method> <!-- setup -->
        <test-method status="FAIL" signature="selectContactsTest()[pri:2, instance:com.crm.qa.testcases.ContactsPageTest@153f17c]" name="selectContactsTest" duration-ms="40608" started-at="2018-07-17T14:29:00Z" finished-at="2018-07-17T14:29:41Z">
          <exception class="org.openqa.selenium.NoSuchElementException">
            <message>
              <![CDATA[no such element: Unable to locate element: {"method":"xpath","selector":"//a[text()='Cena Sharma']//parent::td//preceding-sibling::td"}
  (Session info: chrome=67.0.3396.99)
  (Driver info: chromedriver=2.40.565498 (ea082db3280dd6843ebfb08a625e3eb905c4f5ab),platform=Windows NT 6.1.7600 x86) (WARNING: The server did not provide any stacktrace information)
Command duration or timeout: 40.05 seconds
For documentation on this error, please visit: http://seleniumhq.org/exceptions/no_such_element.html
Build info: version: '2.53.0', revision: '35ae25b1534ae328c771e0856c93e187490ca824', time: '2016-03-15 10:43:46'
System info: host: 'SagarChawla-PC', ip: '192.168.0.105', os.name: 'Windows 7', os.arch: 'x86', os.version: '6.1', java.version: '1.8.0_151'
Driver info: org.openqa.selenium.chrome.ChromeDriver
Capabilities [{applicationCacheEnabled=false, rotatable=false, mobileEmulationEnabled=false, networkConnectionEnabled=false, chrome={chromedriverVersion=2.40.565498 (ea082db3280dd6843ebfb08a625e3eb905c4f5ab), userDataDir=C:\Users\SAGARC~1\AppData\Local\Temp\scoped_dir7252_1842}, takesHeapSnapshot=true, pageLoadStrategy=normal, databaseEnabled=false, handlesAlerts=true, hasTouchScreen=false, version=67.0.3396.99, platform=XP, browserConnectionEnabled=false, nativeEvents=true, acceptSslCerts=false, acceptInsecureCerts=false, locationContextEnabled=true, webStorageEnabled=true, browserName=chrome, takesScreenshot=true, javascriptEnabled=true, cssSelectorsEnabled=true, setWindowRect=true, unexpectedAlertBehaviour=}]
Session ID: c2f72214cbe083250b6d80b33e8d8dc0
*** Element info: {Using=xpath, value=//a[text()='Cena Sharma']//parent::td//preceding-sibling::td}]]>
            </message>
            <full-stacktrace>
              <![CDATA[org.openqa.selenium.NoSuchElementException: no such element: Unable to locate element: {"method":"xpath","selector":"//a[text()='Cena Sharma']//parent::td//preceding-sibling::td"}
  (Session info: chrome=67.0.3396.99)
  (Driver info: chromedriver=2.40.565498 (ea082db3280dd6843ebfb08a625e3eb905c4f5ab),platform=Windows NT 6.1.7600 x86) (WARNING: The server did not provide any stacktrace information)
Command duration or timeout: 40.05 seconds
For documentation on this error, please visit: http://seleniumhq.org/exceptions/no_such_element.html
Build info: version: '2.53.0', revision: '35ae25b1534ae328c771e0856c93e187490ca824', time: '2016-03-15 10:43:46'
System info: host: 'SagarChawla-PC', ip: '192.168.0.105', os.name: 'Windows 7', os.arch: 'x86', os.version: '6.1', java.version: '1.8.0_151'
Driver info: org.openqa.selenium.chrome.ChromeDriver
Capabilities [{applicationCacheEnabled=false, rotatable=false, mobileEmulationEnabled=false, networkConnectionEnabled=false, chrome={chromedriverVersion=2.40.565498 (ea082db3280dd6843ebfb08a625e3eb905c4f5ab), userDataDir=C:\Users\SAGARC~1\AppData\Local\Temp\scoped_dir7252_1842}, takesHeapSnapshot=true, pageLoadStrategy=normal, databaseEnabled=false, handlesAlerts=true, hasTouchScreen=false, version=67.0.3396.99, platform=XP, browserConnectionEnabled=false, nativeEvents=true, acceptSslCerts=false, acceptInsecureCerts=false, locationContextEnabled=true, webStorageEnabled=true, browserName=chrome, takesScreenshot=true, javascriptEnabled=true, cssSelectorsEnabled=true, setWindowRect=true, unexpectedAlertBehaviour=}]
Session ID: c2f72214cbe083250b6d80b33e8d8dc0
*** Element info: {Using=xpath, value=//a[text()='Cena Sharma']//parent::td//preceding-sibling::td}
at sun.reflect.NativeConstructorAccessorImpl.newInstance0(Native Method)
at sun.reflect.NativeConstructorAccessorImpl.newInstance(NativeConstructorAccessorImpl.java:62)
at sun.reflect.DelegatingConstructorAccessorImpl.newInstance(DelegatingConstructorAccessorImpl.java:45)
at java.lang.reflect.Constructor.newInstance(Constructor.java:423)
at org.openqa.selenium.remote.ErrorHandler.createThrowable(ErrorHandler.java:206)
at org.openqa.selenium.remote.ErrorHandler.throwIfResponseFailed(ErrorHandler.java:158)
at org.openqa.selenium.remote.RemoteWebDriver.execute(RemoteWebDriver.java:678)
at org.openqa.selenium.remote.RemoteWebDriver.findElement(RemoteWebDriver.java:363)
at org.openqa.selenium.remote.RemoteWebDriver.findElementByXPath(RemoteWebDriver.java:500)
at org.openqa.selenium.By$ByXPath.findElement(By.java:361)
at org.openqa.selenium.remote.RemoteWebDriver.findElement(RemoteWebDriver.java:355)
at sun.reflect.GeneratedMethodAccessor5.invoke(Unknown Source)
at sun.reflect.DelegatingMethodAccessorImpl.invoke(DelegatingMethodAccessorImpl.java:43)
at java.lang.reflect.Method.invoke(Method.java:498)
at org.openqa.selenium.support.events.EventFiringWebDriver$2.invoke(EventFiringWebDriver.java:103)
at com.sun.proxy.$Proxy8.findElement(Unknown Source)
at org.openqa.selenium.support.events.EventFiringWebDriver.findElement(EventFiringWebDriver.java:188)
at com.crm.qa.pages.ContactsPage.SelectContactsByName(ContactsPage.java:41)
at com.crm.qa.testcases.ContactsPageTest.selectContactsTest(ContactsPageTest.java:45)
at sun.reflect.NativeMethodAccessorImpl.invoke0(Native Method)
at sun.reflect.NativeMethodAccessorImpl.invoke(NativeMethodAccessorImpl.java:62)
at sun.reflect.DelegatingMethodAccessorImpl.invoke(DelegatingMethodAccessorImpl.java:43)
at java.lang.reflect.Method.invoke(Method.java:498)
at org.testng.internal.MethodInvocationHelper.invokeMethod(MethodInvocationHelper.java:124)
at org.testng.internal.Invoker.invokeMethod(Invoker.java:580)
at org.testng.internal.Invoker.invokeTestMethod(Invoker.java:716)
at org.testng.internal.Invoker.invokeTestMethods(Invoker.java:988)
at org.testng.internal.TestMethodWorker.invokeTestMethods(TestMethodWorker.java:125)
at org.testng.internal.TestMethodWorker.run(TestMethodWorker.java:109)
at org.testng.TestRunner.privateRun(TestRunner.java:648)
at org.testng.TestRunner.run(TestRunner.java:505)
at org.testng.SuiteRunner.runTest(SuiteRunner.java:455)
at org.testng.SuiteRunner.runSequentially(SuiteRunner.java:450)
at org.testng.SuiteRunner.privateRun(SuiteRunner.java:415)
at org.testng.SuiteRunner.run(SuiteRunner.java:364)
at org.testng.SuiteRunnerWorker.runSuite(SuiteRunnerWorker.java:52)
at org.testng.SuiteRunnerWorker.run(SuiteRunnerWorker.java:84)
at org.testng.TestNG.runSuitesSequentially(TestNG.java:1208)
at org.testng.TestNG.runSuitesLocally(TestNG.java:1137)
at org.testng.TestNG.runSuites(TestNG.java:1049)
at org.testng.TestNG.run(TestNG.java:1017)
at org.testng.remote.AbstractRemoteTestNG.run(AbstractRemoteTestNG.java:114)
at org.testng.remote.RemoteTestNG.initAndRun(RemoteTestNG.java:251)
at org.testng.remote.RemoteTestNG.main(RemoteTestNG.java:77)
]]>
            </full-stacktrace>
          </exception> <!-- org.openqa.selenium.NoSuchElementException -->
          <reporter-output>
          </reporter-output>
        </test-method> <!-- selectContactsTest -->
        <test-method status="PASS" signature="tearDown()[pri:0, instance:com.crm.qa.testcases.ContactsPageTest@153f17c]" name="tearDown" is-config="true" duration-ms="988" started-at="2018-07-17T14:29:41Z" finished-at="2018-07-17T14:29:42Z">
          <reporter-output>
          </reporter-output>
        </test-method> <!-- tearDown -->
        <test-method status="PASS" signature="setup()[pri:0, instance:com.crm.qa.testcases.ContactsPageTest@153f17c]" name="setup" is-config="true" duration-ms="26629" started-at="2018-07-17T14:30:41Z" finished-at="2018-07-17T14:31:08Z">
          <reporter-output>
          </reporter-output>
        </test-method> <!-- setup -->
        <test-method status="PASS" signature="validateCreateNewContact(java.lang.String, java.lang.String, java.lang.String, java.lang.String)[pri:4, instance:com.crm.qa.testcases.ContactsPageTest@153f17c]" name="validateCreateNewContact" duration-ms="4694" started-at="2018-07-17T14:31:08Z" data-provider="getContactsTestData" finished-at="2018-07-17T14:31:12Z">
          <params>
            <param index="0">
              <value>
                <![CDATA[Mr.]]>
              </value>
            </param>
            <param index="1">
              <value>
                <![CDATA[FN1]]>
              </value>
            </param>
            <param index="2">
              <value>
                <![CDATA[LN1]]>
              </value>
            </param>
            <param index="3">
              <value>
                <![CDATA[Adidas]]>
              </value>
            </param>
          </params>
          <reporter-output>
          </reporter-output>
        </test-method> <!-- validateCreateNewContact -->
        <test-method status="PASS" signature="tearDown()[pri:0, instance:com.crm.qa.testcases.ContactsPageTest@153f17c]" name="tearDown" is-config="true" duration-ms="963" started-at="2018-07-17T14:31:12Z" finished-at="2018-07-17T14:31:13Z">
          <reporter-output>
          </reporter-output>
        </test-method> <!-- tearDown -->
        <test-method status="PASS" signature="setup()[pri:0, instance:com.crm.qa.testcases.ContactsPageTest@153f17c]" name="setup" is-config="true" duration-ms="27288" started-at="2018-07-17T14:31:13Z" finished-at="2018-07-17T14:31:41Z">
          <reporter-output>
          </reporter-output>
        </test-method> <!-- setup -->
        <test-method status="PASS" signature="validateCreateNewContact(java.lang.String, java.lang.String, java.lang.String, java.lang.String)[pri:4, instance:com.crm.qa.testcases.ContactsPageTest@153f17c]" name="validateCreateNewContact" duration-ms="3614" started-at="2018-07-17T14:31:41Z" data-provider="getContactsTestData" finished-at="2018-07-17T14:31:44Z">
          <params>
            <param index="0">
              <value>
                <![CDATA[Mr.]]>
              </value>
            </param>
            <param index="1">
              <value>
                <![CDATA[FN2]]>
              </value>
            </param>
            <param index="2">
              <value>
                <![CDATA[LN2]]>
              </value>
            </param>
            <param index="3">
              <value>
                <![CDATA[Reebok]]>
              </value>
            </param>
          </params>
          <reporter-output>
          </reporter-output>
        </test-method> <!-- validateCreateNewContact -->
        <test-method status="PASS" signature="tearDown()[pri:0, instance:com.crm.qa.testcases.ContactsPageTest@153f17c]" name="tearDown" is-config="true" duration-ms="981" started-at="2018-07-17T14:31:44Z" finished-at="2018-07-17T14:31:45Z">
          <reporter-output>
          </reporter-output>
        </test-method> <!-- tearDown -->
        <test-method status="PASS" signature="setup()[pri:0, instance:com.crm.qa.testcases.ContactsPageTest@153f17c]" name="setup" is-config="true" duration-ms="28217" started-at="2018-07-17T14:31:45Z" finished-at="2018-07-17T14:32:14Z">
          <reporter-output>
          </reporter-output>
        </test-method> <!-- setup -->
        <test-method status="PASS" signature="validateCreateNewContact(java.lang.String, java.lang.String, java.lang.String, java.lang.String)[pri:4, instance:com.crm.qa.testcases.ContactsPageTest@153f17c]" name="validateCreateNewContact" duration-ms="4098" started-at="2018-07-17T14:32:14Z" data-provider="getContactsTestData" finished-at="2018-07-17T14:32:18Z">
          <params>
            <param index="0">
              <value>
                <![CDATA[Mrs.]]>
              </value>
            </param>
            <param index="1">
              <value>
                <![CDATA[FN3]]>
              </value>
            </param>
            <param index="2">
              <value>
                <![CDATA[LN3]]>
              </value>
            </param>
            <param index="3">
              <value>
                <![CDATA[Puma]]>
              </value>
            </param>
          </params>
          <reporter-output>
          </reporter-output>
        </test-method> <!-- validateCreateNewContact -->
        <test-method status="PASS" signature="tearDown()[pri:0, instance:com.crm.qa.testcases.ContactsPageTest@153f17c]" name="tearDown" is-config="true" duration-ms="1012" started-at="2018-07-17T14:32:18Z" finished-at="2018-07-17T14:32:19Z">
          <reporter-output>
          </reporter-output>
        </test-method> <!-- tearDown -->
      </class> <!-- com.crm.qa.testcases.ContactsPageTest -->
      <class name="com.crm.qa.testcases.LoginPageTest">
        <test-method status="PASS" signature="setup()[pri:0, instance:com.crm.qa.testcases.LoginPageTest@bf9759]" name="setup" is-config="true" duration-ms="15513" started-at="2018-07-17T14:26:42Z" finished-at="2018-07-17T14:26:58Z">
          <reporter-output>
          </reporter-output>
        </test-method> <!-- setup -->
        <test-method status="PASS" signature="loginPageTitleTest()[pri:1, instance:com.crm.qa.testcases.LoginPageTest@bf9759]" name="loginPageTitleTest" duration-ms="39" started-at="2018-07-17T14:26:58Z" finished-at="2018-07-17T14:26:58Z">
          <reporter-output>
          </reporter-output>
        </test-method> <!-- loginPageTitleTest -->
        <test-method status="PASS" signature="tearDown()[pri:0, instance:com.crm.qa.testcases.LoginPageTest@bf9759]" name="tearDown" is-config="true" duration-ms="1532" started-at="2018-07-17T14:26:58Z" finished-at="2018-07-17T14:26:59Z">
          <reporter-output>
          </reporter-output>
        </test-method> <!-- tearDown -->
        <test-method status="PASS" signature="setup()[pri:0, instance:com.crm.qa.testcases.LoginPageTest@bf9759]" name="setup" is-config="true" duration-ms="11859" started-at="2018-07-17T14:27:54Z" finished-at="2018-07-17T14:28:06Z">
          <reporter-output>
          </reporter-output>
        </test-method> <!-- setup -->
        <test-method status="PASS" signature="crmLogoImageTest()[pri:2, instance:com.crm.qa.testcases.LoginPageTest@bf9759]" name="crmLogoImageTest" duration-ms="139" started-at="2018-07-17T14:28:06Z" finished-at="2018-07-17T14:28:06Z">
          <reporter-output>
          </reporter-output>
        </test-method> <!-- crmLogoImageTest -->
        <test-method status="PASS" signature="tearDown()[pri:0, instance:com.crm.qa.testcases.LoginPageTest@bf9759]" name="tearDown" is-config="true" duration-ms="825" started-at="2018-07-17T14:28:06Z" finished-at="2018-07-17T14:28:06Z">
          <reporter-output>
          </reporter-output>
        </test-method> <!-- tearDown -->
        <test-method status="PASS" signature="setup()[pri:0, instance:com.crm.qa.testcases.LoginPageTest@bf9759]" name="setup" is-config="true" duration-ms="12618" started-at="2018-07-17T14:29:42Z" finished-at="2018-07-17T14:29:55Z">
          <reporter-output>
          </reporter-output>
        </test-method> <!-- setup -->
        <test-method status="PASS" signature="loginTest()[pri:3, instance:com.crm.qa.testcases.LoginPageTest@bf9759]" name="loginTest" duration-ms="16804" started-at="2018-07-17T14:29:55Z" finished-at="2018-07-17T14:30:11Z">
          <reporter-output>
          </reporter-output>
        </test-method> <!-- loginTest -->
        <test-method status="PASS" signature="tearDown()[pri:0, instance:com.crm.qa.testcases.LoginPageTest@bf9759]" name="tearDown" is-config="true" duration-ms="1021" started-at="2018-07-17T14:30:11Z" finished-at="2018-07-17T14:30:12Z">
          <reporter-output>
          </reporter-output>
        </test-method> <!-- tearDown -->
      </class> <!-- com.crm.qa.testcases.LoginPageTest -->
    </test> <!-- Free CRM Application testcases -->
  </suite> <!-- Free CRM Application test suite -->
</testng-results>
